Using pre-set license
Built from '2020.3/staging' branch; Version is '2020.3.28f1 (f5400f52e03f) revision 16072719'; Using compiler version '192528614'; Build Type 'Release'
OS: 'Windows 10  (10.0.19043) 64bit Professional' Language: 'tr' Physical Memory: 7971 MB
BatchMode: 1, IsHumanControllingUs: 0, StartBugReporterOnCrash: 0, Is64bit: 1, IsPro: 0

COMMAND LINE ARGUMENTS:
C:\Program Files\Unity\Hub\Editor\2020.3.28f1\Editor\Unity.exe
-adb2
-batchMode
-noUpm
-name
AssetImportWorker0
-projectPath
C:/Users/emirk/Documents/emir format yeni/Sandwich Shop/Sandwich Shop
-logFile
Logs/AssetImportWorker0.log
-srvPort
63474
Successfully changed project path to: C:/Users/emirk/Documents/emir format yeni/Sandwich Shop/Sandwich Shop
C:/Users/emirk/Documents/emir format yeni/Sandwich Shop/Sandwich Shop
Using Asset Import Pipeline V2.
Refreshing native plugins compatible for Editor in 55.24 ms, found 2 plugins.
Preloading 0 native plugins for Editor in 0.00 ms.
Initialize engine version: 2020.3.28f1 (f5400f52e03f)
[Subsystems] Discovering subsystems at path C:/Program Files/Unity/Hub/Editor/2020.3.28f1/Editor/Data/Resources/UnitySubsystems
[Subsystems] Discovering subsystems at path C:/Users/emirk/Documents/emir format yeni/Sandwich Shop/Sandwich Shop/Assets
GfxDevice: creating device client; threaded=0
Direct3D:
    Version:  Direct3D 11.0 [level 11.1]
    Renderer: NVIDIA GeForce GTX 1650 (ID=0x1f9d)
    Vendor:   
    VRAM:     3962 MB
    Driver:   30.0.15.1179
Initialize mono
Mono path[0] = 'C:/Program Files/Unity/Hub/Editor/2020.3.28f1/Editor/Data/Managed'
Mono path[1] = 'C:/Program Files/Unity/Hub/Editor/2020.3.28f1/Editor/Data/MonoBleedingEdge/lib/mono/unityjit'
Mono config path = 'C:/Program Files/Unity/Hub/Editor/2020.3.28f1/Editor/Data/MonoBleedingEdge/etc'
Using monoOptions --debugger-agent=transport=dt_socket,embedding=1,server=y,suspend=n,address=127.0.0.1:56940
Begin MonoManager ReloadAssembly
Registering precompiled unity dll's ...
Register platform support module: C:/Program Files/Unity/Hub/Editor/2020.3.28f1/Editor/Data/PlaybackEngines/WindowsStandaloneSupport/UnityEditor.WindowsStandalone.Extensions.dll
Registered in 0.002475 seconds.
Native extension for WindowsStandalone target not found
Refreshing native plugins compatible for Editor in 56.02 ms, found 2 plugins.
Preloading 0 native plugins for Editor in 0.00 ms.
Mono: successfully reloaded assembly
- Completed reload, in  0.547 seconds
Domain Reload Profiling:
	ReloadAssembly (548ms)
		BeginReloadAssembly (86ms)
			ExecutionOrderSort (0ms)
			DisableScriptedObjects (0ms)
			BackupInstance (0ms)
			ReleaseScriptingObjects (0ms)
			CreateAndSetChildDomain (1ms)
		EndReloadAssembly (397ms)
			LoadAssemblies (84ms)
			RebuildTransferFunctionScriptingTraits (0ms)
			SetupTypeCache (124ms)
			ReleaseScriptCaches (0ms)
			RebuildScriptCaches (22ms)
			SetupLoadedEditorAssemblies (166ms)
				LogAssemblyErrors (0ms)
				InitializePlatformSupportModulesInManaged (6ms)
				SetLoadedEditorAssemblies (0ms)
				RefreshPlugins (56ms)
				BeforeProcessingInitializeOnLoad (11ms)
				ProcessInitializeOnLoadAttributes (69ms)
				ProcessInitializeOnLoadMethodAttributes (23ms)
				AfterProcessingInitializeOnLoad (0ms)
				EditorAssembliesLoaded (0ms)
			ExecutionOrderSort2 (0ms)
			AwakeInstancesAfterBackupRestoration (0ms)
Platform modules already initialized, skipping
Registering precompiled user dll's ...
Registered in 0.009108 seconds.
Begin MonoManager ReloadAssembly
Native extension for WindowsStandalone target not found
Refreshing native plugins compatible for Editor in 0.78 ms, found 2 plugins.
Preloading 0 native plugins for Editor in 0.00 ms.
Mono: successfully reloaded assembly
- Completed reload, in  0.902 seconds
Domain Reload Profiling:
	ReloadAssembly (903ms)
		BeginReloadAssembly (125ms)
			ExecutionOrderSort (0ms)
			DisableScriptedObjects (3ms)
			BackupInstance (0ms)
			ReleaseScriptingObjects (0ms)
			CreateAndSetChildDomain (24ms)
		EndReloadAssembly (729ms)
			LoadAssemblies (94ms)
			RebuildTransferFunctionScriptingTraits (0ms)
			SetupTypeCache (255ms)
			ReleaseScriptCaches (0ms)
			RebuildScriptCaches (48ms)
			SetupLoadedEditorAssemblies (263ms)
				LogAssemblyErrors (0ms)
				InitializePlatformSupportModulesInManaged (3ms)
				SetLoadedEditorAssemblies (0ms)
				RefreshPlugins (1ms)
				BeforeProcessingInitializeOnLoad (72ms)
				ProcessInitializeOnLoadAttributes (171ms)
				ProcessInitializeOnLoadMethodAttributes (9ms)
				AfterProcessingInitializeOnLoad (6ms)
				EditorAssembliesLoaded (0ms)
			ExecutionOrderSort2 (0ms)
			AwakeInstancesAfterBackupRestoration (5ms)
Platform modules already initialized, skipping
========================================================================
Worker process is ready to serve import requests
Launched and connected shader compiler UnityShaderCompiler.exe after 0.06 seconds
Refreshing native plugins compatible for Editor in 1.05 ms, found 2 plugins.
Preloading 0 native plugins for Editor in 0.00 ms.
Unloading 1532 Unused Serialized files (Serialized files now loaded: 0)
System memory in use before: 76.4 MB.
System memory in use after: 76.5 MB.

Unloading 19 unused Assets to reduce memory usage. Loaded Objects now: 1970.
Total: 4.279900 ms (FindLiveObjects: 0.251000 ms CreateObjectMapping: 0.041800 ms MarkObjects: 3.891400 ms  DeleteObjects: 0.092800 ms)

AssetImportParameters requested are different than current active one (requested -> active):
  custom:framework-win-MediaFoundation: 216162199b28c13a410421893ffa2e32 -> 
  custom:video-decoder-ogg-theora: a1e56fd34408186e4bbccfd4996cb3dc -> 
  custom:container-muxer-webm: aa71ff27fc2769a1b78a27578f13a17b -> 
  custom:container-demuxer-webm: 4f35f7cbe854078d1ac9338744f61a02 -> 
  custom:container-demuxer-ogg: 62fdf1f143b41e24485cea50d1cbac27 -> 
  custom:video-encoder-webm-vp8: eb34c28f22e8b96e1ab97ce403110664 -> 
  custom:video-decoder-webm-vp8: 9c59270c3fd7afecdb556c50c9e8de78 -> 
  custom:audio-decoder-ogg-vorbis: bf7c407c2cedff20999df2af8eb42d56 -> 
  custom:audio-encoder-webm-vorbis: bf7c407c2cedff20999df2af8eb42d56 -> 
========================================================================
Received Import Request.
  path: Assets/[GAME]/Scenes/Level 01.unity
  artifactKey: Guid(6767be168242600408215ddf843ab7ff) Importer(815301076,1909f56bfc062723c751e8b465ee728b)
Start importing Assets/[GAME]/Scenes/Level 01.unity using Guid(6767be168242600408215ddf843ab7ff) Importer(815301076,1909f56bfc062723c751e8b465ee728b)  -> (artifact id: 'd4af9a1a9f9f8e7fa225cc4904cc54cf') in 0.018075 seconds 
  Import took 0.022866 seconds .

========================================================================
Received Import Request.
  Time since last request: 0.000196 seconds.
  path: Assets/[GAME]/Scenes/Level 02.unity
  artifactKey: Guid(d77afb8f534e2e040a8cf32164eeabf7) Importer(815301076,1909f56bfc062723c751e8b465ee728b)
Start importing Assets/[GAME]/Scenes/Level 02.unity using Guid(d77afb8f534e2e040a8cf32164eeabf7) Importer(815301076,1909f56bfc062723c751e8b465ee728b)  -> (artifact id: '96c83e0f0b76236ef7fcd815582ad34f') in 0.008133 seconds 
  Import took 0.010973 seconds .

========================================================================
Received Prepare
Refreshing native plugins compatible for Editor in 2.73 ms, found 2 plugins.
Preloading 0 native plugins for Editor in 0.00 ms.
Unloading 12 Unused Serialized files (Serialized files now loaded: 0)
System memory in use before: 44.7 MB.
System memory in use after: 44.8 MB.

Unloading 12 unused Assets to reduce memory usage. Loaded Objects now: 1970.
Total: 2.886500 ms (FindLiveObjects: 0.109300 ms CreateObjectMapping: 0.025100 ms MarkObjects: 2.738100 ms  DeleteObjects: 0.013500 ms)

AssetImportParameters requested are different than current active one (requested -> active):
  custom:framework-win-MediaFoundation: 216162199b28c13a410421893ffa2e32 -> 
  custom:video-decoder-ogg-theora: a1e56fd34408186e4bbccfd4996cb3dc -> 
  custom:container-muxer-webm: aa71ff27fc2769a1b78a27578f13a17b -> 
  custom:container-demuxer-webm: 4f35f7cbe854078d1ac9338744f61a02 -> 
  custom:container-demuxer-ogg: 62fdf1f143b41e24485cea50d1cbac27 -> 
  custom:video-encoder-webm-vp8: eb34c28f22e8b96e1ab97ce403110664 -> 
  custom:video-decoder-webm-vp8: 9c59270c3fd7afecdb556c50c9e8de78 -> 
  custom:audio-decoder-ogg-vorbis: bf7c407c2cedff20999df2af8eb42d56 -> 
  custom:audio-encoder-webm-vorbis: bf7c407c2cedff20999df2af8eb42d56 -> 
========================================================================
Received Prepare
Registering precompiled user dll's ...
Registered in 0.011010 seconds.
Begin MonoManager ReloadAssembly
Native extension for WindowsStandalone target not found
Refreshing native plugins compatible for Editor in 4.04 ms, found 2 plugins.
Preloading 0 native plugins for Editor in 0.00 ms.
Mono: successfully reloaded assembly
- Completed reload, in  1.530 seconds
Domain Reload Profiling:
	ReloadAssembly (1532ms)
		BeginReloadAssembly (198ms)
			ExecutionOrderSort (0ms)
			DisableScriptedObjects (5ms)
			BackupInstance (0ms)
			ReleaseScriptingObjects (0ms)
			CreateAndSetChildDomain (72ms)
		EndReloadAssembly (1254ms)
			LoadAssemblies (159ms)
			RebuildTransferFunctionScriptingTraits (0ms)
			SetupTypeCache (489ms)
			ReleaseScriptCaches (2ms)
			RebuildScriptCaches (54ms)
			SetupLoadedEditorAssemblies (429ms)
				LogAssemblyErrors (0ms)
				InitializePlatformSupportModulesInManaged (7ms)
				SetLoadedEditorAssemblies (2ms)
				RefreshPlugins (4ms)
				BeforeProcessingInitializeOnLoad (122ms)
				ProcessInitializeOnLoadAttributes (271ms)
				ProcessInitializeOnLoadMethodAttributes (16ms)
				AfterProcessingInitializeOnLoad (7ms)
				EditorAssembliesLoaded (0ms)
			ExecutionOrderSort2 (0ms)
			AwakeInstancesAfterBackupRestoration (7ms)
Platform modules already initialized, skipping
Switching build target platform(19) subTarget(0) extendedPlatform(0) -> platform(13) subTarget(537395200) extendedPlatform(0)
Refreshing native plugins compatible for Editor in 1.18 ms, found 2 plugins.
Preloading 0 native plugins for Editor in 0.00 ms.
Unloading 1512 Unused Serialized files (Serialized files now loaded: 0)
System memory in use before: 74.4 MB.
System memory in use after: 74.5 MB.

Unloading 14 unused Assets to reduce memory usage. Loaded Objects now: 1972.
Total: 2.979300 ms (FindLiveObjects: 0.156000 ms CreateObjectMapping: 0.031100 ms MarkObjects: 2.768800 ms  DeleteObjects: 0.022600 ms)

AssetImportParameters requested are different than current active one (requested -> active):
  custom:framework-win-MediaFoundation: 216162199b28c13a410421893ffa2e32 -> 
  custom:video-decoder-ogg-theora: a1e56fd34408186e4bbccfd4996cb3dc -> 
  custom:container-muxer-webm: aa71ff27fc2769a1b78a27578f13a17b -> 
  custom:container-demuxer-webm: 4f35f7cbe854078d1ac9338744f61a02 -> 
  custom:container-demuxer-ogg: 62fdf1f143b41e24485cea50d1cbac27 -> 
  custom:video-encoder-webm-vp8: eb34c28f22e8b96e1ab97ce403110664 -> 
  custom:video-decoder-webm-vp8: 9c59270c3fd7afecdb556c50c9e8de78 -> 
  custom:graphics/normal-map-encoding: 01000000000000000000000000000000 -> 02000000000000000000000000000000
  custom:audio-decoder-ogg-vorbis: bf7c407c2cedff20999df2af8eb42d56 -> 
  custom:audio-encoder-webm-vorbis: bf7c407c2cedff20999df2af8eb42d56 -> 
========================================================================
Received Import Request.
  Time since last request: 503.050892 seconds.
  path: Assets/[GAME]/adisyon.png
  artifactKey: Guid(526a45b747fad57428ae24975886b798) Importer(815301076,1909f56bfc062723c751e8b465ee728b)
Start importing Assets/[GAME]/adisyon.png using Guid(526a45b747fad57428ae24975886b798) Importer(815301076,1909f56bfc062723c751e8b465ee728b)  -> (artifact id: 'e93ccdaa35a42c5c042a5591e99cbb98') in 0.135469 seconds 
  Import took 0.141028 seconds .

========================================================================
Received Import Request.
  Time since last request: 0.000183 seconds.
  path: Assets/[GAME]/cucumber.png
  artifactKey: Guid(e62db9b705edaff45a4464f1cd0cfa90) Importer(815301076,1909f56bfc062723c751e8b465ee728b)
Start importing Assets/[GAME]/cucumber.png using Guid(e62db9b705edaff45a4464f1cd0cfa90) Importer(815301076,1909f56bfc062723c751e8b465ee728b)  -> (artifact id: '147b80e3d7e75fbade650936105503c2') in 0.079216 seconds 
  Import took 0.082697 seconds .

========================================================================
Received Import Request.
  Time since last request: 0.000177 seconds.
  path: Assets/[GAME]/adisyonyeni.png
  artifactKey: Guid(be859d41cf6259f48957a65e2c8d1b1a) Importer(815301076,1909f56bfc062723c751e8b465ee728b)
Start importing Assets/[GAME]/adisyonyeni.png using Guid(be859d41cf6259f48957a65e2c8d1b1a) Importer(815301076,1909f56bfc062723c751e8b465ee728b)  -> (artifact id: 'f8cf4d5befd68f009e959e015282a572') in 0.038286 seconds 
  Import took 0.042614 seconds .

========================================================================
Received Import Request.
  Time since last request: 0.000281 seconds.
  path: Assets/[GAME]/baconslice.png
  artifactKey: Guid(17eb154fc2b3b4b4197632304cc4fd0e) Importer(815301076,1909f56bfc062723c751e8b465ee728b)
Start importing Assets/[GAME]/baconslice.png using Guid(17eb154fc2b3b4b4197632304cc4fd0e) Importer(815301076,1909f56bfc062723c751e8b465ee728b)  -> (artifact id: '288c1a90454d55b1d63c4a9d75c01ed9') in 0.070773 seconds 
  Import took 0.074425 seconds .

========================================================================
Received Import Request.
  Time since last request: 0.000183 seconds.
  path: Assets/[GAME]/cheese.png
  artifactKey: Guid(f530a5e3e3d508449b5c84e94425e51f) Importer(815301076,1909f56bfc062723c751e8b465ee728b)
Start importing Assets/[GAME]/cheese.png using Guid(f530a5e3e3d508449b5c84e94425e51f) Importer(815301076,1909f56bfc062723c751e8b465ee728b)  -> (artifact id: 'fc3192350aed78f761082d4c324e454e') in 0.066398 seconds 
  Import took 0.070104 seconds .

========================================================================
Received Import Request.
  Time since last request: 1.093354 seconds.
  path: Assets/[GAME]/cucumber2.png
  artifactKey: Guid(645ccaca35f508f4b9c7aaef72952e3c) Importer(815301076,1909f56bfc062723c751e8b465ee728b)
Start importing Assets/[GAME]/cucumber2.png using Guid(645ccaca35f508f4b9c7aaef72952e3c) Importer(815301076,1909f56bfc062723c751e8b465ee728b)  -> (artifact id: 'a57764accddd927b3d6664f0803c3017') in 0.033303 seconds 
  Import took 0.038018 seconds .

========================================================================
Received Import Request.
  Time since last request: 0.000173 seconds.
  path: Assets/[GAME]/pepper.png
  artifactKey: Guid(832d1a049293e4d44969d886e425f324) Importer(815301076,1909f56bfc062723c751e8b465ee728b)
Start importing Assets/[GAME]/pepper.png using Guid(832d1a049293e4d44969d886e425f324) Importer(815301076,1909f56bfc062723c751e8b465ee728b)  -> (artifact id: '1b0bc0d563b07724127316dc52dd0fae') in 0.048032 seconds 
  Import took 0.051118 seconds .

========================================================================
Received Import Request.
  Time since last request: 0.000281 seconds.
  path: Assets/[GAME]/domates.png
  artifactKey: Guid(2bccded2f416aa545860633ef5c679ba) Importer(815301076,1909f56bfc062723c751e8b465ee728b)
Start importing Assets/[GAME]/domates.png using Guid(2bccded2f416aa545860633ef5c679ba) Importer(815301076,1909f56bfc062723c751e8b465ee728b)  -> (artifact id: 'ce56a296aa9d087ec76256d19ea1b900') in 0.043727 seconds 
  Import took 0.048366 seconds .

========================================================================
Received Import Request.
  Time since last request: 0.000175 seconds.
  path: Assets/[GAME]/Tahu!.ttf
  artifactKey: Guid(50222224583f09e49898ce9c81f45aca) Importer(815301076,1909f56bfc062723c751e8b465ee728b)
Start importing Assets/[GAME]/Tahu!.ttf using Guid(50222224583f09e49898ce9c81f45aca) Importer(815301076,1909f56bfc062723c751e8b465ee728b)  -> (artifact id: 'dccbe26762498909f87c83a7095d1a38') in 0.057923 seconds 
  Import took 0.060910 seconds .

========================================================================
Received Import Request.
  Time since last request: 5.474265 seconds.
  path: Assets/[GAME]/pp.png
  artifactKey: Guid(57971af064b1198439f850118428d55d) Importer(815301076,1909f56bfc062723c751e8b465ee728b)
Start importing Assets/[GAME]/pp.png using Guid(57971af064b1198439f850118428d55d) Importer(815301076,1909f56bfc062723c751e8b465ee728b)  -> (artifact id: '63f17154e814a339127d908c3fbe82a8') in 0.019999 seconds 
  Import took 0.025034 seconds .

========================================================================
Received Import Request.
  Time since last request: 85.681904 seconds.
  path: Assets/PolygonCity/Textures/BillboardAds.png
  artifactKey: Guid(4358b945d59bcc54a8d357279a0d3567) Importer(815301076,1909f56bfc062723c751e8b465ee728b)
Start importing Assets/PolygonCity/Textures/BillboardAds.png using Guid(4358b945d59bcc54a8d357279a0d3567) Importer(815301076,1909f56bfc062723c751e8b465ee728b)  -> (artifact id: '6d1b26c99616473e312ae35a2d39f368') in 0.042033 seconds 
  Import took 0.046824 seconds .

========================================================================
Received Import Request.
  Time since last request: 0.000287 seconds.
  path: Assets/Sandwich Constructor/Texture/Color Palette.png
  artifactKey: Guid(85dd126936854b2880a32194186c941f) Importer(815301076,1909f56bfc062723c751e8b465ee728b)
Start importing Assets/Sandwich Constructor/Texture/Color Palette.png using Guid(85dd126936854b2880a32194186c941f) Importer(815301076,1909f56bfc062723c751e8b465ee728b)  -> (artifact id: '09260e95ac3c8766e1666e81d28382e2') in 0.017078 seconds 
  Import took 0.021254 seconds .

========================================================================
Received Import Request.
  Time since last request: 0.000287 seconds.
  path: Assets/[GAME]/Materials/UI/busy_mom_win.png
  artifactKey: Guid(c3d5a37fe8cc0ee40816995f7fcbd67f) Importer(815301076,1909f56bfc062723c751e8b465ee728b)
Start importing Assets/[GAME]/Materials/UI/busy_mom_win.png using Guid(c3d5a37fe8cc0ee40816995f7fcbd67f) Importer(815301076,1909f56bfc062723c751e8b465ee728b)  -> (artifact id: 'dab5584577730a4eb580813dfd51b074') in 0.052807 seconds 
  Import took 0.056986 seconds .

========================================================================
Received Import Request.
  Time since last request: 1.989932 seconds.
  path: Assets/PolygonCity/Textures/Emissive_01.png
  artifactKey: Guid(ed8c76cfaa7f4f04da86bd288543e61c) Importer(815301076,1909f56bfc062723c751e8b465ee728b)
Start importing Assets/PolygonCity/Textures/Emissive_01.png using Guid(ed8c76cfaa7f4f04da86bd288543e61c) Importer(815301076,1909f56bfc062723c751e8b465ee728b)  -> (artifact id: '070f57e15dbcba423ca3cee7ceafa13e') in 0.015135 seconds 
  Import took 0.018601 seconds .

========================================================================
Received Import Request.
  Time since last request: 0.000157 seconds.
  path: Assets/PolygonCity/Textures/Emissive_02.png
  artifactKey: Guid(17ba766c1b474a645b65fcaf9fe4e017) Importer(815301076,1909f56bfc062723c751e8b465ee728b)
Start importing Assets/PolygonCity/Textures/Emissive_02.png using Guid(17ba766c1b474a645b65fcaf9fe4e017) Importer(815301076,1909f56bfc062723c751e8b465ee728b)  -> (artifact id: '7b35e5064924cc940799810160514895') in 0.018322 seconds 
  Import took 0.021316 seconds .

========================================================================
Received Import Request.
  Time since last request: 0.079258 seconds.
  path: Assets/PolygonCity/Textures/Emissive_03.png
  artifactKey: Guid(5b180a3347057294a826ebec48642b81) Importer(815301076,1909f56bfc062723c751e8b465ee728b)
Start importing Assets/PolygonCity/Textures/Emissive_03.png using Guid(5b180a3347057294a826ebec48642b81) Importer(815301076,1909f56bfc062723c751e8b465ee728b)  -> (artifact id: 'aba0234dc4189f1fcdc3ab2f81872482') in 0.015142 seconds 
  Import took 0.018576 seconds .

========================================================================
Received Import Request.
  Time since last request: 0.000286 seconds.
  path: Assets/PolygonCity/Textures/Emissive_04.png
  artifactKey: Guid(2ba1ae7111c6bd7418687fe1eae44b6a) Importer(815301076,1909f56bfc062723c751e8b465ee728b)
Start importing Assets/PolygonCity/Textures/Emissive_04.png using Guid(2ba1ae7111c6bd7418687fe1eae44b6a) Importer(815301076,1909f56bfc062723c751e8b465ee728b)  -> (artifact id: '8fb362133b6b06a62b97784cf80ce243') in 0.028116 seconds 
  Import took 0.031980 seconds .

========================================================================
Received Import Request.
  Time since last request: 0.213535 seconds.
  path: Assets/PolygonCity/Textures/Emissive_05.png
  artifactKey: Guid(87da7817733e9cd4cb23d782d17f0b10) Importer(815301076,1909f56bfc062723c751e8b465ee728b)
Start importing Assets/PolygonCity/Textures/Emissive_05.png using Guid(87da7817733e9cd4cb23d782d17f0b10) Importer(815301076,1909f56bfc062723c751e8b465ee728b)  -> (artifact id: '2d6a35a12c3c6d5619d0d29b782dd165') in 0.024335 seconds 
  Import took 0.028541 seconds .

========================================================================
Received Import Request.
  Time since last request: 0.000314 seconds.
  path: Assets/TextMesh Pro/Sprites/EmojiOne.png
  artifactKey: Guid(dffef66376be4fa480fb02b19edbe903) Importer(815301076,1909f56bfc062723c751e8b465ee728b)
Start importing Assets/TextMesh Pro/Sprites/EmojiOne.png using Guid(dffef66376be4fa480fb02b19edbe903) Importer(815301076,1909f56bfc062723c751e8b465ee728b)  -> (artifact id: '1bdbab79574d9199534a6046307e1746') in 0.018264 seconds 
  Import took 0.021862 seconds .

========================================================================
Received Import Request.
  Time since last request: 0.346217 seconds.
  path: Assets/[GAME]/Materials/UI/next_button.png
  artifactKey: Guid(8480bffccd1153944bd68316e1a121c7) Importer(815301076,1909f56bfc062723c751e8b465ee728b)
Start importing Assets/[GAME]/Materials/UI/next_button.png using Guid(8480bffccd1153944bd68316e1a121c7) Importer(815301076,1909f56bfc062723c751e8b465ee728b)  -> (artifact id: 'df3d662e5cbd64d19a07733c63ca0115') in 0.037839 seconds 
  Import took 0.041326 seconds .

========================================================================
Received Import Request.
  Time since last request: 0.009178 seconds.
  path: Assets/PolygonCity/Textures/PolygonCity_Road_01.png
  artifactKey: Guid(822f2495881c757478b3661b1e47c074) Importer(815301076,1909f56bfc062723c751e8b465ee728b)
Start importing Assets/PolygonCity/Textures/PolygonCity_Road_01.png using Guid(822f2495881c757478b3661b1e47c074) Importer(815301076,1909f56bfc062723c751e8b465ee728b)  -> (artifact id: '2bfc6d9d5e17fcdd321931ee09e5e2b0') in 0.029524 seconds 
  Import took 0.033914 seconds .

========================================================================
Received Import Request.
  Time since last request: 0.000221 seconds.
  path: Assets/PolygonCity/Textures/PolygonCity_Road_02.png
  artifactKey: Guid(b0aee7d175f35024cba261b5f3400236) Importer(815301076,1909f56bfc062723c751e8b465ee728b)
Start importing Assets/PolygonCity/Textures/PolygonCity_Road_02.png using Guid(b0aee7d175f35024cba261b5f3400236) Importer(815301076,1909f56bfc062723c751e8b465ee728b)  -> (artifact id: '4619011dd58ac2c9b1b67731bef52301') in 0.015522 seconds 
  Import took 0.019996 seconds .

========================================================================
Received Import Request.
  Time since last request: 0.050424 seconds.
  path: Assets/PolygonCity/Textures/PolygonCity_Road_03.png
  artifactKey: Guid(d1d7d6c3f4b9261429dc572d51ceeed0) Importer(815301076,1909f56bfc062723c751e8b465ee728b)
Start importing Assets/PolygonCity/Textures/PolygonCity_Road_03.png using Guid(d1d7d6c3f4b9261429dc572d51ceeed0) Importer(815301076,1909f56bfc062723c751e8b465ee728b)  -> (artifact id: '10ee9ecae79e4baa9dcb5ea781ce4ba9') in 0.012750 seconds 
  Import took 0.016085 seconds .

========================================================================
Received Import Request.
  Time since last request: 0.000232 seconds.
  path: Assets/PolygonCity/Textures/PolygonCity_Road_04.png
  artifactKey: Guid(65258d84a84065b46ae7289c762c580c) Importer(815301076,1909f56bfc062723c751e8b465ee728b)
Start importing Assets/PolygonCity/Textures/PolygonCity_Road_04.png using Guid(65258d84a84065b46ae7289c762c580c) Importer(815301076,1909f56bfc062723c751e8b465ee728b)  -> (artifact id: '6b62979fc435ee6e45ae2d305bbe9c24') in 0.013816 seconds 
  Import took 0.016764 seconds .

========================================================================
Received Import Request.
  Time since last request: 1.098952 seconds.
  path: Assets/PolygonParticleFX/Textures/PolygonParticles_Portal_Single_Chipped.png
  artifactKey: Guid(8a4b0e610ec24c44aaf3f934e7ab1392) Importer(815301076,1909f56bfc062723c751e8b465ee728b)
Start importing Assets/PolygonParticleFX/Textures/PolygonParticles_Portal_Single_Chipped.png using Guid(8a4b0e610ec24c44aaf3f934e7ab1392) Importer(815301076,1909f56bfc062723c751e8b465ee728b)  -> (artifact id: 'a41a15c3de412c02d350ae691f15790a') in 0.017526 seconds 
  Import took 0.021190 seconds .

========================================================================
Received Prepare
Refreshing native plugins compatible for Editor in 3.05 ms, found 2 plugins.
Preloading 0 native plugins for Editor in 0.00 ms.
Unloading 12 Unused Serialized files (Serialized files now loaded: 0)
System memory in use before: 48.7 MB.
System memory in use after: 48.8 MB.

Unloading 12 unused Assets to reduce memory usage. Loaded Objects now: 2028.
Total: 3.163800 ms (FindLiveObjects: 0.118800 ms CreateObjectMapping: 0.028500 ms MarkObjects: 3.000000 ms  DeleteObjects: 0.015400 ms)

AssetImportParameters requested are different than current active one (requested -> active):
  custom:framework-win-MediaFoundation: 216162199b28c13a410421893ffa2e32 -> 
  custom:video-decoder-ogg-theora: a1e56fd34408186e4bbccfd4996cb3dc -> 
  custom:container-muxer-webm: aa71ff27fc2769a1b78a27578f13a17b -> 
  custom:container-demuxer-webm: 4f35f7cbe854078d1ac9338744f61a02 -> 
  custom:container-demuxer-ogg: 62fdf1f143b41e24485cea50d1cbac27 -> 
  custom:video-encoder-webm-vp8: eb34c28f22e8b96e1ab97ce403110664 -> 
  custom:video-decoder-webm-vp8: 9c59270c3fd7afecdb556c50c9e8de78 -> 
  custom:audio-decoder-ogg-vorbis: bf7c407c2cedff20999df2af8eb42d56 -> 
  custom:audio-encoder-webm-vorbis: bf7c407c2cedff20999df2af8eb42d56 -> 
========================================================================
Received Prepare
Registering precompiled user dll's ...
Registered in 0.009396 seconds.
Begin MonoManager ReloadAssembly
Native extension for WindowsStandalone target not found
Refreshing native plugins compatible for Editor in 1.58 ms, found 2 plugins.
Preloading 0 native plugins for Editor in 0.00 ms.
Mono: successfully reloaded assembly
- Completed reload, in  1.511 seconds
Domain Reload Profiling:
	ReloadAssembly (1513ms)
		BeginReloadAssembly (271ms)
			ExecutionOrderSort (0ms)
			DisableScriptedObjects (12ms)
			BackupInstance (0ms)
			ReleaseScriptingObjects (0ms)
			CreateAndSetChildDomain (130ms)
		EndReloadAssembly (1161ms)
			LoadAssemblies (156ms)
			RebuildTransferFunctionScriptingTraits (0ms)
			SetupTypeCache (415ms)
			ReleaseScriptCaches (4ms)
			RebuildScriptCaches (52ms)
			SetupLoadedEditorAssemblies (419ms)
				LogAssemblyErrors (0ms)
				InitializePlatformSupportModulesInManaged (10ms)
				SetLoadedEditorAssemblies (1ms)
				RefreshPlugins (2ms)
				BeforeProcessingInitializeOnLoad (116ms)
				ProcessInitializeOnLoadAttributes (269ms)
				ProcessInitializeOnLoadMethodAttributes (14ms)
				AfterProcessingInitializeOnLoad (6ms)
				EditorAssembliesLoaded (1ms)
			ExecutionOrderSort2 (0ms)
			AwakeInstancesAfterBackupRestoration (11ms)
Platform modules already initialized, skipping
Switching build target platform(19) subTarget(0) extendedPlatform(0) -> platform(13) subTarget(537395200) extendedPlatform(0)
Refreshing native plugins compatible for Editor in 1.58 ms, found 2 plugins.
Preloading 0 native plugins for Editor in 0.00 ms.
Unloading 1512 Unused Serialized files (Serialized files now loaded: 0)
System memory in use before: 78.0 MB.
System memory in use after: 78.1 MB.

Unloading 14 unused Assets to reduce memory usage. Loaded Objects now: 2030.
Total: 4.343200 ms (FindLiveObjects: 0.339100 ms CreateObjectMapping: 0.052900 ms MarkObjects: 3.864500 ms  DeleteObjects: 0.083500 ms)

AssetImportParameters requested are different than current active one (requested -> active):
  custom:framework-win-MediaFoundation: 216162199b28c13a410421893ffa2e32 -> 
  custom:video-decoder-ogg-theora: a1e56fd34408186e4bbccfd4996cb3dc -> 
  custom:container-muxer-webm: aa71ff27fc2769a1b78a27578f13a17b -> 
  custom:container-demuxer-webm: 4f35f7cbe854078d1ac9338744f61a02 -> 
  custom:container-demuxer-ogg: 62fdf1f143b41e24485cea50d1cbac27 -> 
  custom:video-encoder-webm-vp8: eb34c28f22e8b96e1ab97ce403110664 -> 
  custom:video-decoder-webm-vp8: 9c59270c3fd7afecdb556c50c9e8de78 -> 
  custom:graphics/normal-map-encoding: 01000000000000000000000000000000 -> 02000000000000000000000000000000
  custom:audio-decoder-ogg-vorbis: bf7c407c2cedff20999df2af8eb42d56 -> 
  custom:audio-encoder-webm-vorbis: bf7c407c2cedff20999df2af8eb42d56 -> 
========================================================================
Received Import Request.
  Time since last request: 1055.824655 seconds.
  path: Assets/[GAME]/Scenes/Level 08.unity
  artifactKey: Guid(a5b6abcb5e831724cbf089e1d50891e2) Importer(815301076,1909f56bfc062723c751e8b465ee728b)
Start importing Assets/[GAME]/Scenes/Level 08.unity using Guid(a5b6abcb5e831724cbf089e1d50891e2) Importer(815301076,1909f56bfc062723c751e8b465ee728b)  -> (artifact id: 'daa403aac6214a42fdbd60541b8b2bd6') in 0.021833 seconds 
  Import took 0.027224 seconds .

========================================================================
Received Prepare
Registering precompiled user dll's ...
Registered in 0.005684 seconds.
Begin MonoManager ReloadAssembly
Native extension for WindowsStandalone target not found
Refreshing native plugins compatible for Editor in 3.91 ms, found 2 plugins.
Preloading 0 native plugins for Editor in 0.00 ms.
Mono: successfully reloaded assembly
- Completed reload, in  1.278 seconds
Domain Reload Profiling:
	ReloadAssembly (1280ms)
		BeginReloadAssembly (207ms)
			ExecutionOrderSort (0ms)
			DisableScriptedObjects (5ms)
			BackupInstance (0ms)
			ReleaseScriptingObjects (0ms)
			CreateAndSetChildDomain (78ms)
		EndReloadAssembly (994ms)
			LoadAssemblies (163ms)
			RebuildTransferFunctionScriptingTraits (0ms)
			SetupTypeCache (417ms)
			ReleaseScriptCaches (4ms)
			RebuildScriptCaches (59ms)
			SetupLoadedEditorAssemblies (254ms)
				LogAssemblyErrors (0ms)
				InitializePlatformSupportModulesInManaged (5ms)
				SetLoadedEditorAssemblies (0ms)
				RefreshPlugins (4ms)
				BeforeProcessingInitializeOnLoad (73ms)
				ProcessInitializeOnLoadAttributes (161ms)
				ProcessInitializeOnLoadMethodAttributes (7ms)
				AfterProcessingInitializeOnLoad (4ms)
				EditorAssembliesLoaded (0ms)
			ExecutionOrderSort2 (0ms)
			AwakeInstancesAfterBackupRestoration (8ms)
Platform modules already initialized, skipping
Switching build target platform(19) subTarget(0) extendedPlatform(0) -> platform(13) subTarget(537395200) extendedPlatform(0)
Refreshing native plugins compatible for Editor in 0.83 ms, found 2 plugins.
Preloading 0 native plugins for Editor in 0.00 ms.
Unloading 1512 Unused Serialized files (Serialized files now loaded: 0)
System memory in use before: 78.0 MB.
System memory in use after: 78.1 MB.

Unloading 14 unused Assets to reduce memory usage. Loaded Objects now: 2032.
Total: 2.088300 ms (FindLiveObjects: 0.109000 ms CreateObjectMapping: 0.028000 ms MarkObjects: 1.913100 ms  DeleteObjects: 0.037200 ms)

AssetImportParameters requested are different than current active one (requested -> active):
  custom:framework-win-MediaFoundation: 216162199b28c13a410421893ffa2e32 -> 
  custom:video-decoder-ogg-theora: a1e56fd34408186e4bbccfd4996cb3dc -> 
  custom:container-muxer-webm: aa71ff27fc2769a1b78a27578f13a17b -> 
  custom:container-demuxer-webm: 4f35f7cbe854078d1ac9338744f61a02 -> 
  custom:container-demuxer-ogg: 62fdf1f143b41e24485cea50d1cbac27 -> 
  custom:video-encoder-webm-vp8: eb34c28f22e8b96e1ab97ce403110664 -> 
  custom:video-decoder-webm-vp8: 9c59270c3fd7afecdb556c50c9e8de78 -> 
  custom:graphics/normal-map-encoding: 01000000000000000000000000000000 -> 02000000000000000000000000000000
  custom:audio-decoder-ogg-vorbis: bf7c407c2cedff20999df2af8eb42d56 -> 
  custom:audio-encoder-webm-vorbis: bf7c407c2cedff20999df2af8eb42d56 -> 
========================================================================
Received Import Request.
  Time since last request: 113.648962 seconds.
  path: Assets/[GAME]/Scenes/Level 07.unity
  artifactKey: Guid(a13527bbb3ae9eb4a8ce90b48ee3ff3c) Importer(815301076,1909f56bfc062723c751e8b465ee728b)
Start importing Assets/[GAME]/Scenes/Level 07.unity using Guid(a13527bbb3ae9eb4a8ce90b48ee3ff3c) Importer(815301076,1909f56bfc062723c751e8b465ee728b)  -> (artifact id: '1bbbe54eff1ca9486cb561a39e1c116a') in 0.016376 seconds 
  Import took 0.022824 seconds .

========================================================================
Received Prepare
Registering precompiled user dll's ...
Registered in 0.004631 seconds.
Begin MonoManager ReloadAssembly
Native extension for WindowsStandalone target not found
Refreshing native plugins compatible for Editor in 1.65 ms, found 2 plugins.
Preloading 0 native plugins for Editor in 0.00 ms.
Mono: successfully reloaded assembly
- Completed reload, in  1.283 seconds
Domain Reload Profiling:
	ReloadAssembly (1284ms)
		BeginReloadAssembly (185ms)
			ExecutionOrderSort (0ms)
			DisableScriptedObjects (4ms)
			BackupInstance (0ms)
			ReleaseScriptingObjects (0ms)
			CreateAndSetChildDomain (72ms)
		EndReloadAssembly (1021ms)
			LoadAssemblies (141ms)
			RebuildTransferFunctionScriptingTraits (0ms)
			SetupTypeCache (369ms)
			ReleaseScriptCaches (3ms)
			RebuildScriptCaches (53ms)
			SetupLoadedEditorAssemblies (353ms)
				LogAssemblyErrors (0ms)
				InitializePlatformSupportModulesInManaged (7ms)
				SetLoadedEditorAssemblies (1ms)
				RefreshPlugins (2ms)
				BeforeProcessingInitializeOnLoad (99ms)
				ProcessInitializeOnLoadAttributes (227ms)
				ProcessInitializeOnLoadMethodAttributes (11ms)
				AfterProcessingInitializeOnLoad (5ms)
				EditorAssembliesLoaded (0ms)
			ExecutionOrderSort2 (0ms)
			AwakeInstancesAfterBackupRestoration (7ms)
Platform modules already initialized, skipping
Switching build target platform(19) subTarget(0) extendedPlatform(0) -> platform(13) subTarget(537395200) extendedPlatform(0)
Refreshing native plugins compatible for Editor in 1.28 ms, found 2 plugins.
Preloading 0 native plugins for Editor in 0.00 ms.
Unloading 1512 Unused Serialized files (Serialized files now loaded: 0)
System memory in use before: 78.0 MB.
System memory in use after: 78.1 MB.

Unloading 14 unused Assets to reduce memory usage. Loaded Objects now: 2034.
Total: 3.542400 ms (FindLiveObjects: 0.258400 ms CreateObjectMapping: 0.054400 ms MarkObjects: 3.197700 ms  DeleteObjects: 0.030100 ms)

AssetImportParameters requested are different than current active one (requested -> active):
  custom:framework-win-MediaFoundation: 216162199b28c13a410421893ffa2e32 -> 
  custom:video-decoder-ogg-theora: a1e56fd34408186e4bbccfd4996cb3dc -> 
  custom:container-muxer-webm: aa71ff27fc2769a1b78a27578f13a17b -> 
  custom:container-demuxer-webm: 4f35f7cbe854078d1ac9338744f61a02 -> 
  custom:container-demuxer-ogg: 62fdf1f143b41e24485cea50d1cbac27 -> 
  custom:video-encoder-webm-vp8: eb34c28f22e8b96e1ab97ce403110664 -> 
  custom:video-decoder-webm-vp8: 9c59270c3fd7afecdb556c50c9e8de78 -> 
  custom:graphics/normal-map-encoding: 01000000000000000000000000000000 -> 02000000000000000000000000000000
  custom:audio-decoder-ogg-vorbis: bf7c407c2cedff20999df2af8eb42d56 -> 
  custom:audio-encoder-webm-vorbis: bf7c407c2cedff20999df2af8eb42d56 -> 
========================================================================
Received Prepare
Registering precompiled user dll's ...
Registered in 0.007755 seconds.
Begin MonoManager ReloadAssembly
Native extension for WindowsStandalone target not found
Refreshing native plugins compatible for Editor in 1.34 ms, found 2 plugins.
Preloading 0 native plugins for Editor in 0.00 ms.
Mono: successfully reloaded assembly
- Completed reload, in  1.266 seconds
Domain Reload Profiling:
	ReloadAssembly (1267ms)
		BeginReloadAssembly (184ms)
			ExecutionOrderSort (0ms)
			DisableScriptedObjects (5ms)
			BackupInstance (0ms)
			ReleaseScriptingObjects (0ms)
			CreateAndSetChildDomain (57ms)
		EndReloadAssembly (1006ms)
			LoadAssemblies (159ms)
			RebuildTransferFunctionScriptingTraits (0ms)
			SetupTypeCache (332ms)
			ReleaseScriptCaches (1ms)
			RebuildScriptCaches (44ms)
			SetupLoadedEditorAssemblies (366ms)
				LogAssemblyErrors (0ms)
				InitializePlatformSupportModulesInManaged (5ms)
				SetLoadedEditorAssemblies (0ms)
				RefreshPlugins (1ms)
				BeforeProcessingInitializeOnLoad (100ms)
				ProcessInitializeOnLoadAttributes (242ms)
				ProcessInitializeOnLoadMethodAttributes (11ms)
				AfterProcessingInitializeOnLoad (6ms)
				EditorAssembliesLoaded (1ms)
			ExecutionOrderSort2 (0ms)
			AwakeInstancesAfterBackupRestoration (11ms)
Platform modules already initialized, skipping
Switching build target platform(19) subTarget(0) extendedPlatform(0) -> platform(13) subTarget(537395200) extendedPlatform(0)
Refreshing native plugins compatible for Editor in 1.15 ms, found 2 plugins.
Preloading 0 native plugins for Editor in 0.00 ms.
Unloading 1512 Unused Serialized files (Serialized files now loaded: 0)
System memory in use before: 78.0 MB.
System memory in use after: 78.1 MB.

Unloading 14 unused Assets to reduce memory usage. Loaded Objects now: 2036.
Total: 11.084400 ms (FindLiveObjects: 0.826300 ms CreateObjectMapping: 0.175800 ms MarkObjects: 10.024000 ms  DeleteObjects: 0.055100 ms)

AssetImportParameters requested are different than current active one (requested -> active):
  custom:framework-win-MediaFoundation: 216162199b28c13a410421893ffa2e32 -> 
  custom:video-decoder-ogg-theora: a1e56fd34408186e4bbccfd4996cb3dc -> 
  custom:container-muxer-webm: aa71ff27fc2769a1b78a27578f13a17b -> 
  custom:container-demuxer-webm: 4f35f7cbe854078d1ac9338744f61a02 -> 
  custom:container-demuxer-ogg: 62fdf1f143b41e24485cea50d1cbac27 -> 
  custom:video-encoder-webm-vp8: eb34c28f22e8b96e1ab97ce403110664 -> 
  custom:video-decoder-webm-vp8: 9c59270c3fd7afecdb556c50c9e8de78 -> 
  custom:graphics/normal-map-encoding: 01000000000000000000000000000000 -> 02000000000000000000000000000000
  custom:audio-decoder-ogg-vorbis: bf7c407c2cedff20999df2af8eb42d56 -> 
  custom:audio-encoder-webm-vorbis: bf7c407c2cedff20999df2af8eb42d56 -> 
AssetImportWorkerClient::OnTransportError - code=2 error=End of file
